<?xml version="1.0" encoding="UTF-8"?>
<!-- Generated by org.testng.reporters.JUnitReportReporter -->
<testsuite hostname="DESKTOP-NIJ1633" failures="0" tests="5" name="testCases.TC_003_LoginDDT" time="41.052" errors="0" timestamp="2023-11-30T23:36:01 EST" skipped="0">
  <testcase classname="testCases.TC_003_LoginDDT" name="verify_loginDDT" time="11.553"/>
  <testcase classname="testCases.TC_003_LoginDDT" name="verify_loginDDT" time="3.036"/>
  <testcase classname="testCases.TC_003_LoginDDT" name="verify_loginDDT" time="11.520"/>
  <testcase classname="testCases.TC_003_LoginDDT" name="verify_loginDDT" time="11.874"/>
  <testcase classname="testCases.TC_003_LoginDDT" name="verify_loginDDT" time="3.069"/>
</testsuite> <!-- testCases.TC_003_LoginDDT -->
