<?xml version="1.0" encoding="UTF-8"?>
<!-- Generated by org.testng.reporters.JUnitReportReporter -->
<testsuite hostname="DESKTOP-NIJ1633" failures="0" tests="1" name="testCases.TC_001_AccountRegistrationTest" time="3.925" errors="0" timestamp="2023-12-05T22:14:43 EST" skipped="0">
  <testcase classname="testCases.TC_001_AccountRegistrationTest" name="verify_account_registration" time="3.925"/>
</testsuite> <!-- testCases.TC_001_AccountRegistrationTest -->
