<?xml version="1.0" encoding="UTF-8"?>
<!-- Generated by org.testng.reporters.JUnitReportReporter -->
<testsuite hostname="DESKTOP-NIJ1633" failures="0" tests="1" name="testCases.TC_002_LoginTest" time="2.516" errors="0" timestamp="2023-12-05T22:14:43 EST" skipped="0">
  <testcase classname="testCases.TC_002_LoginTest" name="verify_login" time="2.516"/>
</testsuite> <!-- testCases.TC_002_LoginTest -->
